<?xml version="1.0" encoding="UTF-8"?>
<!-- Generated by org.testng.reporters.JUnitXMLReporter -->
<testsuite ignored="1" hostname="Dell-Laptop-4th-Floor-room2" failures="0" tests="1" name="Default test" time="19.389" errors="0" timestamp="2023-07-04T11:07:29 IST">
  <testcase classname="com.actitime.testcase.EndToEnd" name="deleteCustomer" time="7.36"/>
  <testcase classname="com.actitime.testcase.EndToEnd" name="createCustomer" time="0.0">
    <ignored/>
  </testcase> <!-- createCustomer -->
</testsuite> <!-- Default test -->
