<?xml version="1.0" encoding="UTF-8"?>
<!-- Generated by org.testng.reporters.JUnitXMLReporter -->
<testsuite ignored="2" hostname="Dell-Laptop-4th-Floor-room2" failures="0" tests="0" name="TestB" time="24.009" errors="0" timestamp="2023-07-04T11:44:58 IST">
  <testcase classname="com.actitime.testcase.EndToEnd" name="createCustomer" time="0.0">
    <ignored/>
  </testcase> <!-- createCustomer -->
  <testcase classname="com.actitime.testcase.EndToEnd" name="deleteCustomer" time="0.0">
    <ignored/>
  </testcase> <!-- deleteCustomer -->
</testsuite> <!-- TestB -->
