<?xml version="1.0" encoding="UTF-8"?>
<testng-results ignored="2" total="3" passed="1" failed="0" skipped="0">
  <reporter-output>
  </reporter-output>
  <suite started-at="2023-07-04T11:45:30 IST" name="Suite" finished-at="2023-07-04T11:45:44 IST" duration-ms="14123">
    <groups>
    </groups>
    <test started-at="2023-07-04T11:45:30 IST" name="TestA" finished-at="2023-07-04T11:45:44 IST" duration-ms="14123">
      <class name="com.actitime.testcase.EndToEnd">
        <test-method is-config="true" signature="openBrowser(java.lang.String)[pri:0, instance:com.actitime.testcase.EndToEnd@483f6d77]" started-at="2023-07-04T11:45:30 IST" name="openBrowser" finished-at="2023-07-04T11:45:39 IST" duration-ms="8256" status="PASS">
          <params>
            <param index="0">
              <value>
                <![CDATA[chrome]]>
              </value>
            </param>
          </params>
          <reporter-output>
          </reporter-output>
        </test-method> <!-- openBrowser -->
        <test-method is-config="true" signature="login()[pri:0, instance:com.actitime.testcase.EndToEnd@483f6d77]" started-at="2023-07-04T11:45:39 IST" name="login" finished-at="2023-07-04T11:45:39 IST" duration-ms="501" status="PASS">
          <reporter-output>
          </reporter-output>
        </test-method> <!-- login -->
        <test-method signature="print()[pri:0, instance:com.actitime.testcase.EndToEnd@483f6d77]" started-at="2023-07-04T11:45:39 IST" name="print" finished-at="2023-07-04T11:45:39 IST" duration-ms="3" status="PASS">
          <reporter-output>
          </reporter-output>
        </test-method> <!-- print -->
        <test-method is-config="true" signature="logout()[pri:0, instance:com.actitime.testcase.EndToEnd@483f6d77]" started-at="2023-07-04T11:45:39 IST" name="logout" finished-at="2023-07-04T11:45:44 IST" duration-ms="4714" status="PASS">
          <reporter-output>
          </reporter-output>
        </test-method> <!-- logout -->
        <test-method is-config="true" signature="closeBrowser()[pri:0, instance:com.actitime.testcase.EndToEnd@483f6d77]" started-at="2023-07-04T11:45:44 IST" name="closeBrowser" finished-at="2023-07-04T11:45:44 IST" duration-ms="598" status="PASS">
          <reporter-output>
          </reporter-output>
        </test-method> <!-- closeBrowser -->
      </class> <!-- com.actitime.testcase.EndToEnd -->
    </test> <!-- TestA -->
  </suite> <!-- Suite -->
</testng-results>
